<?xml version="1.0" encoding="UTF-8"?>
<robot generator="Robot 5.0.1 (Python 3.9.13 on win32)" generated="20230401 14:33:36.739" rpa="false" schemaversion="3">
<suite id="s1" name="TestCases" source="c:\Users\victt\Downloads\RobotPractise\TestCases">
<suite id="s1-s1" name="LoginPageTest" source="c:\Users\victt\Downloads\RobotPractise\TestCases\LoginPageTest.robot">
<kw name="Open my Browser" library="BaseKeywords" type="SETUP">
<arg>https://the-internet.herokuapp.com</arg>
<arg>Chrome</arg>
<kw name="Open Browser" library="SeleniumLibrary">
<arg>${SiteURL}</arg>
<arg>${Browser}</arg>
<doc>Opens a new browser instance to the optional ``url``.</doc>
<msg timestamp="20230401 14:33:37.900" level="INFO">Opening browser 'Chrome' to base url 'https://the-internet.herokuapp.com'.</msg>
<status status="PASS" starttime="20230401 14:33:37.898" endtime="20230401 14:33:41.952"/>
</kw>
<status status="PASS" starttime="20230401 14:33:37.896" endtime="20230401 14:33:41.956"/>
</kw>
<test id="s1-s1-t1" name="TestCase2" line="21">
<kw name="Go To" library="SeleniumLibrary" type="SETUP">
<arg>${LoginPage["URL"]}</arg>
<doc>Navigates the current browser window to the provided ``url``.</doc>
<msg timestamp="20230401 14:33:41.970" level="INFO">Opening url 'https://the-internet.herokuapp.com/login'</msg>
<status status="PASS" starttime="20230401 14:33:41.967" endtime="20230401 14:33:42.591"/>
</kw>
<kw name="Given User Log In With User: username And Password: password" library="LoginPageKeywords" sourcename="User log in with user: ${username} and password: ${password}">
<kw name="Input Text" library="SeleniumLibrary">
<arg>${LoginPage["username_field"]}</arg>
<arg>${username}</arg>
<doc>Types the given ``text`` into the text field identified by ``locator``.</doc>
<msg timestamp="20230401 14:33:42.598" level="INFO">Typing text 'username' into text field 'id:username'.</msg>
<status status="PASS" starttime="20230401 14:33:42.596" endtime="20230401 14:33:42.835"/>
</kw>
<kw name="Input Password" library="SeleniumLibrary">
<arg>${LoginPage["password_field"]}</arg>
<arg>${password}</arg>
<doc>Types the given password into the text field identified by ``locator``.</doc>
<msg timestamp="20230401 14:33:42.841" level="INFO">Typing password into text field 'id:password'.</msg>
<msg timestamp="20230401 14:33:42.947" level="INFO">Temporally setting log level to: NONE</msg>
<msg timestamp="20230401 14:33:43.044" level="INFO">Log level changed from NONE to INFO.</msg>
<status status="PASS" starttime="20230401 14:33:42.836" endtime="20230401 14:33:43.045"/>
</kw>
<status status="PASS" starttime="20230401 14:33:42.594" endtime="20230401 14:33:43.045"/>
</kw>
<kw name="When User click login button" library="LoginPageKeywords">
<kw name="Click Button" library="SeleniumLibrary">
<arg>${LoginPage["login_button"]}</arg>
<doc>Clicks the button identified by ``locator``.</doc>
<msg timestamp="20230401 14:33:43.051" level="INFO">Clicking button 'css:#login button'.</msg>
<status status="PASS" starttime="20230401 14:33:43.049" endtime="20230401 14:33:43.606"/>
</kw>
<status status="PASS" starttime="20230401 14:33:43.047" endtime="20230401 14:33:43.607"/>
</kw>
<kw name="Then User is rejected" library="LoginPageKeywords">
<kw name="Element Should Contain" library="SeleniumLibrary">
<arg>${LoginPage["information_flash"]}</arg>
<arg>Your username is invalid!</arg>
<doc>Verifies that element ``locator`` contains text ``expected``.</doc>
<msg timestamp="20230401 14:33:43.709" level="INFO">Element 'id:flash' contains text 'Your username is invalid!'.</msg>
<status status="PASS" starttime="20230401 14:33:43.615" endtime="20230401 14:33:43.710"/>
</kw>
<status status="PASS" starttime="20230401 14:33:43.612" endtime="20230401 14:33:43.711"/>
</kw>
<status status="PASS" starttime="20230401 14:33:41.957" endtime="20230401 14:33:43.717"/>
</test>
<kw name="Close All Browsers" library="SeleniumLibrary" type="TEARDOWN">
<doc>Closes all open browsers and resets the browser cache.</doc>
<status status="PASS" starttime="20230401 14:33:43.730" endtime="20230401 14:33:46.099"/>
</kw>
<status status="PASS" starttime="20230401 14:33:37.714" endtime="20230401 14:33:46.100"/>
</suite>
<status status="PASS" starttime="20230401 14:33:36.757" endtime="20230401 14:33:46.114"/>
</suite>
<statistics>
<total>
<stat pass="1" fail="0" skip="0">All Tests</stat>
</total>
<tag>
</tag>
<suite>
<stat pass="1" fail="0" skip="0" id="s1" name="TestCases">TestCases</stat>
<stat pass="1" fail="0" skip="0" id="s1-s1" name="LoginPageTest">TestCases.LoginPageTest</stat>
</suite>
</statistics>
<errors>
</errors>
</robot>
